<!DOCTYPE html>
<html>
  <head>
    <meta charset="utf-8"/>
    <title>Unit tests for init - Tested browsers: ChromeCustom</title>
    <style type="text/css">html,body{font-family:Arial,sans-serif;margin:0;padding:0;}body{padding:10px 40px;}h1{margin-bottom:0;}h2{margin-top:0;color:#999;}table{width:100%;margin-top:20px;margin-bottom:20px;table-layout:fixed;}tr.header{background:#ddd;font-weight:bold;border-bottom:none;}td{padding:7px;border-top:none;border-left:1px black solid;border-bottom:1px black solid;border-right:none;word-break:break-all;word-wrap:break-word;}tr.pass td{color:#003b07;background:#86e191;}tr.skip td{color:#7d3a00;background:#ffd24a;}tr.fail td{color:#5e0e00;background:#ff9c8a;}tr:first-child td{border-top:1px black solid;}td:last-child{border-right:1px black solid;}tr.overview{font-weight:bold;color:#777;}tr.overview td{padding-bottom:0px;border-bottom:none;}tr.system-out td{color:#777;}hr{height:2px;margin:30px 0;background:#000;border:none;}</style>
  </head>
  <body>
    <h1>Unit tests for init</h1>
    <h2>Tested browsers: ChromeCustom</h2>
    <table cellspacing="0" cellpadding="0" border="0">
      <tr class="overview">
        <td colspan="3" title="Mozilla/5.0 (Macintosh; Intel Mac OS X 10_11_1) AppleWebKit/537.36 (KHTML, like Gecko) Chrome/51.0.2704.22 Safari/537.36">Browser: Chrome 51.0.2704 (Mac OS X 10.11.1)</td>
      </tr>
      <tr class="overview">
        <td colspan="3">Timestamp: 4/27/2016, 4:28:22 AM</td>
      </tr>
      <tr>
        <td colspan="3">
          51 tests / 
          0 errors / 
          4 failures / 
          0 skipped / 
          runtime: 0s
        </td>
      </tr>
      <tr class="header">
        <td>Status</td>
        <td>Spec</td>
        <td>Suite / Results</td>
      </tr>
      <tr class="pass">
        <td>Passed in 0.009s</td>
        <td>ERROR -&gt; (null, cb)</td>
        <td>init() &raquo; Cases that results in invalid parameter error</td>
      </tr>
      <tr class="pass">
        <td>Passed in 0.001s</td>
        <td>ERROR -&gt; (true, cb)</td>
        <td>init() &raquo; Cases that results in invalid parameter error</td>
      </tr>
      <tr class="pass">
        <td>Passed in 0s</td>
        <td>ERROR -&gt; (false, cb)</td>
        <td>init() &raquo; Cases that results in invalid parameter error</td>
      </tr>
      <tr class="pass">
        <td>Passed in 0.001s</td>
        <td>ERROR -&gt; (123, cb)</td>
        <td>init() &raquo; Cases that results in invalid parameter error</td>
      </tr>
      <tr class="pass">
        <td>Passed in 0.001s</td>
        <td>ERROR -&gt; (1.23, cb)</td>
        <td>init() &raquo; Cases that results in invalid parameter error</td>
      </tr>
      <tr class="pass">
        <td>Passed in 0.001s</td>
        <td>ERROR -&gt; ("", cb)</td>
        <td>init() &raquo; Cases that results in invalid parameter error</td>
      </tr>
      <tr class="pass">
        <td>Passed in 0.001s</td>
        <td>ERROR -&gt; ([], cb)</td>
        <td>init() &raquo; Cases that results in invalid parameter error</td>
      </tr>
      <tr class="pass">
        <td>Passed in 0.001s</td>
        <td>ERROR -&gt; ({}, cb)</td>
        <td>init() &raquo; Cases that results in invalid parameter error</td>
      </tr>
      <tr class="pass">
        <td>Passed in 0s</td>
        <td>ERROR -&gt; ({"appKey":""}, cb)</td>
        <td>init() &raquo; Cases that results in invalid parameter error</td>
      </tr>
      <tr class="pass">
        <td>Passed in 0s</td>
        <td>ERROR -&gt; ({"apiKey":""}, cb)</td>
        <td>init() &raquo; Cases that results in invalid parameter error</td>
      </tr>
      <tr class="pass">
        <td>Passed in 0.001s</td>
        <td>ERROR -&gt; ({"appKey":"xxxx","roomServer":"test.com"}, cb)</td>
        <td>init() &raquo; Cases that results in invalid parameter error</td>
      </tr>
      <tr class="pass">
        <td>Passed in 0.001s</td>
        <td>ERROR -&gt; ({"appKey":"xxxx","roomServer":"//test.com/"}, cb)</td>
        <td>init() &raquo; Cases that results in invalid parameter error</td>
      </tr>
      <tr class="pass">
        <td>Passed in 0.001s</td>
        <td>ERROR -&gt; ({"appKey":"xxxx","roomServer":"//test.com/test/"}, cb)</td>
        <td>init() &raquo; Cases that results in invalid parameter error</td>
      </tr>
      <tr class="pass">
        <td>Passed in 0.001s</td>
        <td>ERROR -&gt; ({"appKey":"xxxx","roomServer":"//"}, cb)</td>
        <td>init() &raquo; Cases that results in invalid parameter error</td>
      </tr>
      <tr class="pass">
        <td>Passed in 0.001s</td>
        <td>ERROR -&gt; ({"appKey":"xxxx","region":"test"}, cb)</td>
        <td>init() &raquo; Cases that results in invalid parameter error</td>
      </tr>
      <tr class="pass">
        <td>Passed in 0s</td>
        <td>ERROR -&gt; ({"appKey":"xxxx","TURNServerTransport":"test"}, cb)</td>
        <td>init() &raquo; Cases that results in invalid parameter error</td>
      </tr>
      <tr class="pass">
        <td>Passed in 0.001s</td>
        <td>ERROR -&gt; ({"appKey":"xxxx","credentials":{}}, cb)</td>
        <td>init() &raquo; Cases that results in invalid parameter error</td>
      </tr>
      <tr class="pass">
        <td>Passed in 0s</td>
        <td>ERROR -&gt; ({"appKey":"xxxx","credentials":{"startDateTime":null}}, cb)</td>
        <td>init() &raquo; Cases that results in invalid parameter error</td>
      </tr>
      <tr class="pass">
        <td>Passed in 0.001s</td>
        <td>ERROR -&gt; ({"appKey":"xxxx","credentials":{"startDateTime":true}}, cb)</td>
        <td>init() &raquo; Cases that results in invalid parameter error</td>
      </tr>
      <tr class="pass">
        <td>Passed in 0.001s</td>
        <td>ERROR -&gt; ({"appKey":"xxxx","credentials":{"startDateTime":false}}, cb)</td>
        <td>init() &raquo; Cases that results in invalid parameter error</td>
      </tr>
      <tr class="pass">
        <td>Passed in 0.001s</td>
        <td>ERROR -&gt; ({"appKey":"xxxx","credentials":{"startDateTime":123}}, cb)</td>
        <td>init() &raquo; Cases that results in invalid parameter error</td>
      </tr>
      <tr class="pass">
        <td>Passed in 0.001s</td>
        <td>ERROR -&gt; ({"appKey":"xxxx","credentials":{"startDateTime":1.23}}, cb)</td>
        <td>init() &raquo; Cases that results in invalid parameter error</td>
      </tr>
      <tr class="pass">
        <td>Passed in 0.001s</td>
        <td>ERROR -&gt; ({"appKey":"xxxx","credentials":{"startDateTime":""}}, cb)</td>
        <td>init() &raquo; Cases that results in invalid parameter error</td>
      </tr>
      <tr class="pass">
        <td>Passed in 0s</td>
        <td>ERROR -&gt; ({"appKey":"xxxx","credentials":{"startDateTime":[]}}, cb)</td>
        <td>init() &raquo; Cases that results in invalid parameter error</td>
      </tr>
      <tr class="pass">
        <td>Passed in 0.001s</td>
        <td>ERROR -&gt; ({"appKey":"xxxx","credentials":{"startDateTime":{}}}, cb)</td>
        <td>init() &raquo; Cases that results in invalid parameter error</td>
      </tr>
      <tr class="pass">
        <td>Passed in 0s</td>
        <td>ERROR -&gt; ({"appKey":"xxxx","credentials":{"startDateTime":"xx"}}, cb)</td>
        <td>init() &raquo; Cases that results in invalid parameter error</td>
      </tr>
      <tr class="pass">
        <td>Passed in 0.001s</td>
        <td>ERROR -&gt; ({"appKey":"xxxx","credentials":{"startDateTime":"2016-04-26T20:28:22.007Z"}}, cb)</td>
        <td>init() &raquo; Cases that results in invalid parameter error</td>
      </tr>
      <tr class="pass">
        <td>Passed in 0.002s</td>
        <td>ERROR -&gt; ({"appKey":"xxxx","credentials":{"startDateTime":"2016-04-26T20:28:22.007Z","duration":null}}, cb)</td>
        <td>init() &raquo; Cases that results in invalid parameter error</td>
      </tr>
      <tr class="pass">
        <td>Passed in 0.001s</td>
        <td>ERROR -&gt; ({"appKey":"xxxx","credentials":{"startDateTime":"2016-04-26T20:28:22.007Z","duration":true}}, cb)</td>
        <td>init() &raquo; Cases that results in invalid parameter error</td>
      </tr>
      <tr class="pass">
        <td>Passed in 0s</td>
        <td>ERROR -&gt; ({"appKey":"xxxx","credentials":{"startDateTime":"2016-04-26T20:28:22.007Z","duration":false}}, cb)</td>
        <td>init() &raquo; Cases that results in invalid parameter error</td>
      </tr>
      <tr class="pass">
        <td>Passed in 0s</td>
        <td>ERROR -&gt; ({"appKey":"xxxx","credentials":{"startDateTime":"2016-04-26T20:28:22.007Z","duration":""}}, cb)</td>
        <td>init() &raquo; Cases that results in invalid parameter error</td>
      </tr>
      <tr class="pass">
        <td>Passed in 0s</td>
        <td>ERROR -&gt; ({"appKey":"xxxx","credentials":{"startDateTime":"2016-04-26T20:28:22.007Z","duration":"test"}}, cb)</td>
        <td>init() &raquo; Cases that results in invalid parameter error</td>
      </tr>
      <tr class="pass">
        <td>Passed in 0.001s</td>
        <td>ERROR -&gt; ({"appKey":"xxxx","credentials":{"startDateTime":"2016-04-26T20:28:22.007Z","duration":[]}}, cb)</td>
        <td>init() &raquo; Cases that results in invalid parameter error</td>
      </tr>
      <tr class="pass">
        <td>Passed in 0s</td>
        <td>ERROR -&gt; ({"appKey":"xxxx","credentials":{"startDateTime":"2016-04-26T20:28:22.007Z","duration":{}}}, cb)</td>
        <td>init() &raquo; Cases that results in invalid parameter error</td>
      </tr>
      <tr class="pass">
        <td>Passed in 0.001s</td>
        <td>ERROR -&gt; ({"appKey":"xxxx","credentials":{"startDateTime":"2016-04-26T20:28:22.007Z","duration":123}}, cb)</td>
        <td>init() &raquo; Cases that results in invalid parameter error</td>
      </tr>
      <tr class="pass">
        <td>Passed in 0s</td>
        <td>ERROR -&gt; ({"appKey":"xxxx","credentials":{"startDateTime":"2016-04-26T20:28:22.007Z","duration":123,"credentials":null}}, cb)</td>
        <td>init() &raquo; Cases that results in invalid parameter error</td>
      </tr>
      <tr class="pass">
        <td>Passed in 0.001s</td>
        <td>ERROR -&gt; ({"appKey":"xxxx","credentials":{"startDateTime":"2016-04-26T20:28:22.007Z","duration":123,"credentials":true}}, cb)</td>
        <td>init() &raquo; Cases that results in invalid parameter error</td>
      </tr>
      <tr class="pass">
        <td>Passed in 0s</td>
        <td>ERROR -&gt; ({"appKey":"xxxx","credentials":{"startDateTime":"2016-04-26T20:28:22.007Z","duration":123,"credentials":false}}, cb)</td>
        <td>init() &raquo; Cases that results in invalid parameter error</td>
      </tr>
      <tr class="pass">
        <td>Passed in 0.001s</td>
        <td>ERROR -&gt; ({"appKey":"xxxx","credentials":{"startDateTime":"2016-04-26T20:28:22.007Z","duration":123,"credentials":""}}, cb)</td>
        <td>init() &raquo; Cases that results in invalid parameter error</td>
      </tr>
      <tr class="pass">
        <td>Passed in 0s</td>
        <td>ERROR -&gt; ({"appKey":"xxxx","credentials":{"startDateTime":"2016-04-26T20:28:22.007Z","duration":123,"credentials":[]}}, cb)</td>
        <td>init() &raquo; Cases that results in invalid parameter error</td>
      </tr>
      <tr class="pass">
        <td>Passed in 0s</td>
        <td>ERROR -&gt; ({"appKey":"xxxx","credentials":{"startDateTime":"2016-04-26T20:28:22.007Z","duration":123,"credentials":{}}}, cb)</td>
        <td>init() &raquo; Cases that results in invalid parameter error</td>
      </tr>
      <tr class="pass">
        <td>Passed in 0.001s</td>
        <td>ERROR -&gt; ({"appKey":"xxxx","audioCodec":"test"}, cb)</td>
        <td>init() &raquo; Cases that results in invalid parameter error</td>
      </tr>
      <tr class="pass">
        <td>Passed in 0s</td>
        <td>ERROR -&gt; ({"appKey":"xxxx","videoCodec":"test"}, cb)</td>
        <td>init() &raquo; Cases that results in invalid parameter error</td>
      </tr>
      <tr class="pass">
        <td>Passed in 0.001s</td>
        <td>ERROR -&gt; No AdapterJS loaded</td>
        <td>init() &raquo; Cases that results in dependency load error</td>
      </tr>
      <tr class="pass">
        <td>Passed in 0.001s</td>
        <td>ERROR -&gt; No socket.io-client loaded</td>
        <td>init() &raquo; Cases that results in dependency load error</td>
      </tr>
      <tr class="pass">
        <td>Passed in 0.001s</td>
        <td>ERROR -&gt; No XMLHttpRequest API</td>
        <td>init() &raquo; Cases that results in dependency load error</td>
      </tr>
      <tr class="pass">
        <td>Passed in 0.225s</td>
        <td>ERROR -&gt; ({"roomServer":"//api1.temasys.com.sg","appKey":"test"}, cb)</td>
        <td>init() &raquo; Cases that results in connection error</td>
      </tr>
      <tr class="fail">
        <td>Failed</td>
        <td>ERROR -&gt; ({"roomServer":"//api.temasys.com.sg","appKey":"test"}, cb)</td>
        <td>
          init() &raquo; Cases that results in connection error
          <br />Error: timeout of 2000ms exceeded. Ensure the done() callback is being called in this test.

        </td>
      </tr>
      <tr class="fail">
        <td>Failed</td>
        <td>ERROR -&gt; ({"appKey":" dbf5208d-a3d3-4911-bc9c-a9ade4a7ad42","defaultRoom":"test","credentials":{"duration":20,"startDateTime":"2016-04-26T20:28:22.008Z","credentials":"AcoE5B4Nyhesv34lPaCCF%2Fn8k%2Fc%3D"}}, cb)</td>
        <td>
          init() &raquo; Cases that results in connection error
          <br />Uncaught AssertionError: expected 4001 to deeply equal 4005 (/Users/leticiachoo/Workspace/SkylinkJS/node_modules/chai/chai.js:206)
Error: Uncaught AssertionError: expected 4001 to deeply equal 4005 (/Users/leticiachoo/Workspace/SkylinkJS/node_modules/chai/chai.js:206)

        </td>
      </tr>
      <tr class="fail">
        <td>Failed</td>
        <td>SUCCESS -&gt; ({"appKey":" dbf5208d-a3d3-4911-bc9c-a9ade4a7ad42","defaultRoom":"test","credentials":{"duration":20,"startDateTime":"2016-04-26T20:28:22.016Z","credentials":"sgqJPQkM%2BZeRecxWkencYJYA8FE%3D"}}, cb)</td>
        <td>
          init() &raquo; Cases that results in connection success
          <br />Uncaught AssertionError: expected null to not equal null (/Users/leticiachoo/Workspace/SkylinkJS/node_modules/chai/chai.js:206)
Error: Uncaught AssertionError: expected null to not equal null (/Users/leticiachoo/Workspace/SkylinkJS/node_modules/chai/chai.js:206)

        </td>
      </tr>
      <tr class="fail">
        <td>Failed</td>
        <td>SUCCESS -&gt; ({"appKey":" dbf5208d-a3d3-4911-bc9c-a9ade4a7ad42","defaultRoom":"test"}, cb)</td>
        <td>
          init() &raquo; Cases that results in connection success
          <br />Uncaught AssertionError: expected null to not equal null (/Users/leticiachoo/Workspace/SkylinkJS/node_modules/chai/chai.js:206)
Error: Uncaught AssertionError: expected null to not equal null (/Users/leticiachoo/Workspace/SkylinkJS/node_modules/chai/chai.js:206)

        </td>
      </tr>
    </table>
    <hr/>
  </body>
</html>